<?xml version="1.0" encoding="UTF-8"?>
<!-- Generated by org.testng.reporters.JUnitReportReporter -->
<testsuite skipped="0" hostname="DESKTOP-20N6VSN" name="Base.TestBase" tests="2" failures="0" timestamp="2019-10-01T04:16:59 IST" time="118.621" errors="0">
  <testcase name="EnterName" time="32.531" classname="Base.TestBase"/>
  <testcase name="EnterSurName" time="86.090" classname="Base.TestBase"/>
</testsuite> <!-- Base.TestBase -->
